<?xml version="1.0" encoding="UTF-8"?>
<testng-results ignored="0" total="1" passed="1" failed="0" skipped="0">
  <reporter-output>
  </reporter-output>
  <suite started-at="2023-08-14T14:33:52 IST" name="Default suite" finished-at="2023-08-14T14:33:52 IST" duration-ms="46">
    <groups>
    </groups>
    <test started-at="2023-08-14T14:33:52 IST" name="Default test" finished-at="2023-08-14T14:33:52 IST" duration-ms="46">
      <class name="samplejavaproject.democlass">
        <test-method signature="testclass()[pri:0, instance:samplejavaproject.democlass@2e6a8155]" started-at="2023-08-14T14:33:52 IST" name="testclass" finished-at="2023-08-14T14:33:52 IST" duration-ms="9" status="PASS">
          <reporter-output>
          </reporter-output>
        </test-method> <!-- testclass -->
      </class> <!-- samplejavaproject.democlass -->
    </test> <!-- Default test -->
  </suite> <!-- Default suite -->
</testng-results>
